#
# There is insufficient memory for the Java Runtime Environment to continue.
# Native memory allocation (malloc) failed to allocate 85136 bytes for Chunk::new
# Possible reasons:
#   The system is out of physical RAM or swap space
#   The process is running with CompressedOops enabled, and the Java Heap may be blocking the growth of the native heap
# Possible solutions:
#   Reduce memory load on the system
#   Increase physical memory or swap space
#   Check if swap backing store is full
#   Decrease Java heap size (-Xmx/-Xms)
#   Decrease number of Java threads
#   Decrease Java thread stack sizes (-Xss)
#   Set larger code cache with -XX:ReservedCodeCacheSize=
#   JVM is running with Unscaled Compressed Oops mode in which the Java heap is
#     placed in the first 4GB address space. The Java Heap base address is the
#     maximum limit for the native heap growth. Please use -XX:HeapBaseMinAddress
#     to set the Java Heap base and to place the Java Heap above 4GB virtual address.
# This output file may be truncated or incomplete.
#
#  Out of Memory Error (arena.cpp:189), pid=20664, tid=17828
#
# JRE version: Java(TM) SE Runtime Environment (17.0.10+11) (build 17.0.10+11-LTS-240)
# Java VM: Java HotSpot(TM) 64-Bit Server VM (17.0.10+11-LTS-240, mixed mode, sharing, tiered, compressed oops, compressed class ptrs, g1 gc, windows-amd64)
# No core dump will be written. Minidumps are not enabled by default on client versions of Windows
#

---------------  S U M M A R Y ------------

Command Line: -Dfile.encoding=UTF-8 -Dstdout.encoding=UTF-8 -Dstderr.encoding=UTF-8 -XX:+ShowCodeDetailsInExceptionMessages com.carloseduardo.api_gateway.ApiGatewayApplication

Host: Intel(R) Core(TM) i3-10110U CPU @ 2.10GHz, 4 cores, 3G,  Windows 11 , 64 bit Build 26100 (10.0.26100.3775)
Time: Tue Apr 29 20:36:35 2025 Hora oficial do Brasil elapsed time: 682.430479 seconds (0d 0h 11m 22s)

---------------  T H R E A D  ---------------

Current thread (0x000001b4cf3b2af0):  JavaThread "C2 CompilerThread0" daemon [_thread_in_native, id=17828, stack(0x0000006896d00000,0x0000006896e00000)]


Current CompileTask:
C2: 682431 6684       4       org.springframework.core.MethodParameter::getGenericParameterType (147 bytes)

Stack: [0x0000006896d00000,0x0000006896e00000]
Native frames: (J=compiled Java code, j=interpreted, Vv=VM code, C=native code)
V  [jvm.dll+0x677a5a]
V  [jvm.dll+0x7d8b2d]
V  [jvm.dll+0x7da48e]
V  [jvm.dll+0x7daaf3]
V  [jvm.dll+0x2455ff]
V  [jvm.dll+0xaaafb]
V  [jvm.dll+0xab09c]
V  [jvm.dll+0x561261]
V  [jvm.dll+0x32c240]
V  [jvm.dll+0x32b6aa]
V  [jvm.dll+0x21794f]
V  [jvm.dll+0x216d81]
V  [jvm.dll+0x1a3410]
V  [jvm.dll+0x226aeb]
V  [jvm.dll+0x224cab]
V  [jvm.dll+0x78e45c]
V  [jvm.dll+0x78888a]
V  [jvm.dll+0x676935]
C  [ucrtbase.dll+0x37b0]
C  [KERNEL32.DLL+0x2e8d7]
C  [ntdll.dll+0xb14fc]


---------------  P R O C E S S  ---------------

Threads class SMR info:
_java_thread_list=0x000001b5162ea120, length=30, elements={
0x000001b4cf394a40, 0x000001b4cf397db0, 0x000001b4cf3aaf90, 0x000001b4cf3afa70,
0x000001b4cf3b0430, 0x000001b4cf3b1e00, 0x000001b4cf3b2af0, 0x000001b4cf406400,
0x000001b4cf437910, 0x000001b4cf618040, 0x000001b4cf6227e0, 0x000001b516b99fb0,
0x000001b516b99aa0, 0x000001b516b9a9d0, 0x000001b515257ad0, 0x000001b515255760,
0x000001b5152570b0, 0x000001b515254d40, 0x000001b5152575c0, 0x000001b515256690,
0x000001b515254830, 0x000001b515255250, 0x000001b515257fe0, 0x000001b5152584f0,
0x000001b515258f10, 0x000001b515259420, 0x000001b515255c70, 0x000001b515259930,
0x000001b515258a00, 0x000001b515256180
}

Java Threads: ( => current thread )
  0x000001b4cf394a40 JavaThread "Reference Handler" daemon [_thread_blocked, id=18740, stack(0x0000006896700000,0x0000006896800000)]
  0x000001b4cf397db0 JavaThread "Finalizer" daemon [_thread_blocked, id=19820, stack(0x0000006896800000,0x0000006896900000)]
  0x000001b4cf3aaf90 JavaThread "Signal Dispatcher" daemon [_thread_blocked, id=976, stack(0x0000006896900000,0x0000006896a00000)]
  0x000001b4cf3afa70 JavaThread "Attach Listener" daemon [_thread_blocked, id=22612, stack(0x0000006896a00000,0x0000006896b00000)]
  0x000001b4cf3b0430 JavaThread "Service Thread" daemon [_thread_blocked, id=20688, stack(0x0000006896b00000,0x0000006896c00000)]
  0x000001b4cf3b1e00 JavaThread "Monitor Deflation Thread" daemon [_thread_blocked, id=22108, stack(0x0000006896c00000,0x0000006896d00000)]
=>0x000001b4cf3b2af0 JavaThread "C2 CompilerThread0" daemon [_thread_in_native, id=17828, stack(0x0000006896d00000,0x0000006896e00000)]
  0x000001b4cf406400 JavaThread "C1 CompilerThread0" daemon [_thread_in_vm, id=15652, stack(0x0000006896e00000,0x0000006896f00000)]
  0x000001b4cf437910 JavaThread "Sweeper thread" daemon [_thread_blocked, id=23468, stack(0x0000006896f00000,0x0000006897000000)]
  0x000001b4cf618040 JavaThread "Notification Thread" daemon [_thread_blocked, id=6992, stack(0x0000006897000000,0x0000006897100000)]
  0x000001b4cf6227e0 JavaThread "Common-Cleaner" daemon [_thread_blocked, id=10220, stack(0x0000006897200000,0x0000006897300000)]
  0x000001b516b99fb0 JavaThread "boundedElastic-evictor-1" daemon [_thread_blocked, id=9152, stack(0x0000006897700000,0x0000006897800000)]
  0x000001b516b99aa0 JavaThread "spectator-gauge-polling-0" daemon [_thread_blocked, id=18548, stack(0x0000006897900000,0x0000006897a00000)]
  0x000001b516b9a9d0 JavaThread "AsyncResolver-bootstrap-%d" daemon [_thread_blocked, id=21472, stack(0x0000006897a00000,0x0000006897b00000)]
  0x000001b515257ad0 JavaThread "DiscoveryClient-%d" daemon [_thread_blocked, id=8088, stack(0x0000006897c00000,0x0000006897d00000)]
  0x000001b515255760 JavaThread "DiscoveryClient-%d" daemon [_thread_blocked, id=22260, stack(0x0000006897d00000,0x0000006897e00000)]
  0x000001b5152570b0 JavaThread "DiscoveryClient-InstanceInfoReplicator-%d" daemon [_thread_blocked, id=18916, stack(0x0000006897e00000,0x0000006897f00000)]
  0x000001b515254d40 JavaThread "reactor-http-nio-1" daemon [_thread_in_native, id=18048, stack(0x0000006897f00000,0x0000006898000000)]
  0x000001b5152575c0 JavaThread "server" [_thread_blocked, id=19896, stack(0x0000006898000000,0x0000006898100000)]
  0x000001b515256690 JavaThread "DestroyJavaVM" [_thread_blocked, id=12072, stack(0x0000006896000000,0x0000006896100000)]
  0x000001b515254830 JavaThread "DiscoveryClient-HeartbeatExecutor-%d" daemon [_thread_blocked, id=19144, stack(0x0000006898300000,0x0000006898400000)]
  0x000001b515255250 JavaThread "DiscoveryClient-CacheRefreshExecutor-%d" daemon [_thread_in_Java, id=21872, stack(0x0000006898400000,0x0000006898500000)]
  0x000001b515257fe0 JavaThread "reactor-http-nio-2" daemon [_thread_in_native, id=7344, stack(0x0000006895d00000,0x0000006895e00000)]
  0x000001b5152584f0 JavaThread "reactor-http-nio-3" daemon [_thread_in_native, id=3304, stack(0x0000006895e00000,0x0000006895f00000)]
  0x000001b515258f10 JavaThread "parallel-1" daemon [_thread_blocked, id=16796, stack(0x0000006895f00000,0x0000006896000000)]
  0x000001b515259420 JavaThread "pool-5-thread-1" daemon [_thread_blocked, id=5380, stack(0x0000006897800000,0x0000006897900000)]
  0x000001b515255c70 JavaThread "reactor-http-nio-4" daemon [_thread_in_native, id=16840, stack(0x0000006898100000,0x0000006898200000)]
  0x000001b515259930 JavaThread "Thread-7" daemon [_thread_in_native, id=16400, stack(0x0000006898200000,0x0000006898300000)]
  0x000001b515258a00 JavaThread "AsyncResolver-bootstrap-executor-%d" daemon [_thread_blocked, id=21752, stack(0x0000006898700000,0x0000006898800000)]
  0x000001b515256180 JavaThread "parallel-2" daemon [_thread_blocked, id=10424, stack(0x0000006898800000,0x0000006898900000)]

Other Threads:
  0x000001b4cf390800 VMThread "VM Thread" [stack: 0x0000006896600000,0x0000006896700000] [id=22764]
  0x000001b4cf61a530 WatcherThread [stack: 0x0000006897100000,0x0000006897200000] [id=772]
  0x000001b4b3a6c120 GCTaskThread "GC Thread#0" [stack: 0x0000006896100000,0x0000006896200000] [id=16164]
  0x000001b515398430 GCTaskThread "GC Thread#1" [stack: 0x0000006897300000,0x0000006897400000] [id=5992]
  0x000001b5157d90e0 GCTaskThread "GC Thread#2" [stack: 0x0000006897400000,0x0000006897500000] [id=20596]
  0x000001b515621a70 GCTaskThread "GC Thread#3" [stack: 0x0000006897500000,0x0000006897600000] [id=19988]
  0x000001b4b3a74b70 ConcurrentGCThread "G1 Main Marker" [stack: 0x0000006896200000,0x0000006896300000] [id=12848]
  0x000001b4b3a75580 ConcurrentGCThread "G1 Conc#0" [stack: 0x0000006896300000,0x0000006896400000] [id=14840]
  0x000001b4b3ab1e10 ConcurrentGCThread "G1 Refine#0" [stack: 0x0000006896400000,0x0000006896500000] [id=20760]
  0x000001b51560b650 ConcurrentGCThread "G1 Refine#1" [stack: 0x0000006897600000,0x0000006897700000] [id=11572]
  0x000001b4b3ab4860 ConcurrentGCThread "G1 Service" [stack: 0x0000006896500000,0x0000006896600000] [id=6496]

Threads with active compile tasks:
C2 CompilerThread0   682532 6684       4       org.springframework.core.MethodParameter::getGenericParameterType (147 bytes)

VM state: not at safepoint (normal execution)

VM Mutex/Monitor currently owned by a thread: None

Heap address: 0x00000000c2800000, size: 984 MB, Compressed Oops mode: 32-bit

CDS archive(s) mapped at: [0x000001b4d0000000-0x000001b4d0bd0000-0x000001b4d0bd0000), size 12386304, SharedBaseAddress: 0x000001b4d0000000, ArchiveRelocationMode: 1.
Compressed class space mapped at: 0x000001b4d1000000-0x000001b511000000, reserved size: 1073741824
Narrow klass base: 0x000001b4d0000000, Narrow klass shift: 0, Narrow klass range: 0x100000000

GC Precious Log:
 CPUs: 4 total, 4 available
 Memory: 3930M
 Large Page Support: Disabled
 NUMA Support: Disabled
 Compressed Oops: Enabled (32-bit)
 Heap Region Size: 1M
 Heap Min Capacity: 8M
 Heap Initial Capacity: 62M
 Heap Max Capacity: 984M
 Pre-touch: Disabled
 Parallel Workers: 4
 Concurrent Workers: 1
 Concurrent Refinement Workers: 4
 Periodic GC: Disabled

Heap:
 garbage-first heap   total 76800K, used 37736K [0x00000000c2800000, 0x0000000100000000)
  region size 1024K, 11 young (11264K), 4 survivors (4096K)
 Metaspace       used 51034K, committed 51584K, reserved 1114112K
  class space    used 6801K, committed 7040K, reserved 1048576K

Heap Regions: E=young(eden), S=young(survivor), O=old, HS=humongous(starts), HC=humongous(continues), CS=collection set, F=free, OA=open archive, CA=closed archive, TAMS=top-at-mark-start (previous, next)
|   0|0x00000000c2800000, 0x00000000c2900000, 0x00000000c2900000|100%|HS|  |TAMS 0x00000000c2900000, 0x00000000c2800000| Complete 
|   1|0x00000000c2900000, 0x00000000c2a00000, 0x00000000c2a00000|100%| O|  |TAMS 0x00000000c2a00000, 0x00000000c2900000| Untracked 
|   2|0x00000000c2a00000, 0x00000000c2b00000, 0x00000000c2b00000|100%| O|  |TAMS 0x00000000c2b00000, 0x00000000c2a00000| Untracked 
|   3|0x00000000c2b00000, 0x00000000c2c00000, 0x00000000c2c00000|100%| O|  |TAMS 0x00000000c2c00000, 0x00000000c2b00000| Untracked 
|   4|0x00000000c2c00000, 0x00000000c2d00000, 0x00000000c2d00000|100%| O|  |TAMS 0x00000000c2d00000, 0x00000000c2c00000| Untracked 
|   5|0x00000000c2d00000, 0x00000000c2e00000, 0x00000000c2e00000|100%| O|  |TAMS 0x00000000c2e00000, 0x00000000c2d00000| Untracked 
|   6|0x00000000c2e00000, 0x00000000c2f00000, 0x00000000c2f00000|100%| O|  |TAMS 0x00000000c2f00000, 0x00000000c2e00000| Untracked 
|   7|0x00000000c2f00000, 0x00000000c3000000, 0x00000000c3000000|100%| O|  |TAMS 0x00000000c2f00000, 0x00000000c2f00000| Untracked 
|   8|0x00000000c3000000, 0x00000000c3100000, 0x00000000c3100000|100%| O|  |TAMS 0x00000000c3000000, 0x00000000c3000000| Untracked 
|   9|0x00000000c3100000, 0x00000000c3200000, 0x00000000c3200000|100%| O|  |TAMS 0x00000000c3200000, 0x00000000c3100000| Untracked 
|  10|0x00000000c3200000, 0x00000000c3300000, 0x00000000c3300000|100%| O|  |TAMS 0x00000000c3300000, 0x00000000c3200000| Untracked 
|  11|0x00000000c3300000, 0x00000000c3400000, 0x00000000c3400000|100%| O|  |TAMS 0x00000000c3400000, 0x00000000c3300000| Untracked 
|  12|0x00000000c3400000, 0x00000000c3500000, 0x00000000c3500000|100%| O|  |TAMS 0x00000000c3500000, 0x00000000c3400000| Untracked 
|  13|0x00000000c3500000, 0x00000000c3600000, 0x00000000c3600000|100%| O|  |TAMS 0x00000000c3600000, 0x00000000c3500000| Untracked 
|  14|0x00000000c3600000, 0x00000000c3700000, 0x00000000c3700000|100%| O|  |TAMS 0x00000000c3700000, 0x00000000c3600000| Untracked 
|  15|0x00000000c3700000, 0x00000000c3800000, 0x00000000c3800000|100%| O|  |TAMS 0x00000000c3800000, 0x00000000c3700000| Untracked 
|  16|0x00000000c3800000, 0x00000000c3900000, 0x00000000c3900000|100%| O|  |TAMS 0x00000000c3900000, 0x00000000c3800000| Untracked 
|  17|0x00000000c3900000, 0x00000000c3a00000, 0x00000000c3a00000|100%| O|  |TAMS 0x00000000c3a00000, 0x00000000c3900000| Untracked 
|  18|0x00000000c3a00000, 0x00000000c3b00000, 0x00000000c3b00000|100%| O|  |TAMS 0x00000000c3b00000, 0x00000000c3a00000| Untracked 
|  19|0x00000000c3b00000, 0x00000000c3c00000, 0x00000000c3c00000|100%| O|  |TAMS 0x00000000c3c00000, 0x00000000c3b00000| Untracked 
|  20|0x00000000c3c00000, 0x00000000c3d00000, 0x00000000c3d00000|100%| O|  |TAMS 0x00000000c3d00000, 0x00000000c3c00000| Untracked 
|  21|0x00000000c3d00000, 0x00000000c3e00000, 0x00000000c3e00000|100%| O|  |TAMS 0x00000000c3d00000, 0x00000000c3d00000| Untracked 
|  22|0x00000000c3e00000, 0x00000000c3f00000, 0x00000000c3f00000|100%| O|  |TAMS 0x00000000c3e00000, 0x00000000c3e00000| Untracked 
|  23|0x00000000c3f00000, 0x00000000c4000000, 0x00000000c4000000|100%| O|  |TAMS 0x00000000c3f00000, 0x00000000c3f00000| Untracked 
|  24|0x00000000c4000000, 0x00000000c4100000, 0x00000000c4100000|100%| O|  |TAMS 0x00000000c4000000, 0x00000000c4000000| Untracked 
|  25|0x00000000c4100000, 0x00000000c4200000, 0x00000000c4200000|100%| O|  |TAMS 0x00000000c4100000, 0x00000000c4100000| Untracked 
|  26|0x00000000c4200000, 0x00000000c42eee00, 0x00000000c4300000| 93%| O|  |TAMS 0x00000000c4200000, 0x00000000c4200000| Untracked 
|  27|0x00000000c4300000, 0x00000000c4300000, 0x00000000c4400000|  0%| F|  |TAMS 0x00000000c4300000, 0x00000000c4300000| Untracked 
|  28|0x00000000c4400000, 0x00000000c4400000, 0x00000000c4500000|  0%| F|  |TAMS 0x00000000c4400000, 0x00000000c4400000| Untracked 
|  29|0x00000000c4500000, 0x00000000c4500000, 0x00000000c4600000|  0%| F|  |TAMS 0x00000000c4500000, 0x00000000c4500000| Untracked 
|  30|0x00000000c4600000, 0x00000000c4600000, 0x00000000c4700000|  0%| F|  |TAMS 0x00000000c4600000, 0x00000000c4600000| Untracked 
|  31|0x00000000c4700000, 0x00000000c4700000, 0x00000000c4800000|  0%| F|  |TAMS 0x00000000c4700000, 0x00000000c4700000| Untracked 
|  32|0x00000000c4800000, 0x00000000c4800000, 0x00000000c4900000|  0%| F|  |TAMS 0x00000000c4800000, 0x00000000c4800000| Untracked 
|  33|0x00000000c4900000, 0x00000000c4900000, 0x00000000c4a00000|  0%| F|  |TAMS 0x00000000c4900000, 0x00000000c4900000| Untracked 
|  34|0x00000000c4a00000, 0x00000000c4a00000, 0x00000000c4b00000|  0%| F|  |TAMS 0x00000000c4a00000, 0x00000000c4a00000| Untracked 
|  35|0x00000000c4b00000, 0x00000000c4b00000, 0x00000000c4c00000|  0%| F|  |TAMS 0x00000000c4b00000, 0x00000000c4b00000| Untracked 
|  36|0x00000000c4c00000, 0x00000000c4c00000, 0x00000000c4d00000|  0%| F|  |TAMS 0x00000000c4c00000, 0x00000000c4c00000| Untracked 
|  37|0x00000000c4d00000, 0x00000000c4d00000, 0x00000000c4e00000|  0%| F|  |TAMS 0x00000000c4d00000, 0x00000000c4d00000| Untracked 
|  38|0x00000000c4e00000, 0x00000000c4e00000, 0x00000000c4f00000|  0%| F|  |TAMS 0x00000000c4e00000, 0x00000000c4e00000| Untracked 
|  39|0x00000000c4f00000, 0x00000000c4f00000, 0x00000000c5000000|  0%| F|  |TAMS 0x00000000c4f00000, 0x00000000c4f00000| Untracked 
|  40|0x00000000c5000000, 0x00000000c5000000, 0x00000000c5100000|  0%| F|  |TAMS 0x00000000c5000000, 0x00000000c5000000| Untracked 
|  41|0x00000000c5100000, 0x00000000c51eb5f8, 0x00000000c5200000| 91%| S|CS|TAMS 0x00000000c5100000, 0x00000000c5100000| Complete 
|  42|0x00000000c5200000, 0x00000000c5300000, 0x00000000c5300000|100%| S|CS|TAMS 0x00000000c5200000, 0x00000000c5200000| Complete 
|  43|0x00000000c5300000, 0x00000000c5400000, 0x00000000c5400000|100%| S|CS|TAMS 0x00000000c5300000, 0x00000000c5300000| Complete 
|  44|0x00000000c5400000, 0x00000000c5500000, 0x00000000c5500000|100%| S|CS|TAMS 0x00000000c5400000, 0x00000000c5400000| Complete 
|  45|0x00000000c5500000, 0x00000000c5500000, 0x00000000c5600000|  0%| F|  |TAMS 0x00000000c5500000, 0x00000000c5500000| Untracked 
|  46|0x00000000c5600000, 0x00000000c5600000, 0x00000000c5700000|  0%| F|  |TAMS 0x00000000c5600000, 0x00000000c5600000| Untracked 
|  47|0x00000000c5700000, 0x00000000c5700000, 0x00000000c5800000|  0%| F|  |TAMS 0x00000000c5700000, 0x00000000c5700000| Untracked 
|  48|0x00000000c5800000, 0x00000000c5800000, 0x00000000c5900000|  0%| F|  |TAMS 0x00000000c5800000, 0x00000000c5800000| Untracked 
|  49|0x00000000c5900000, 0x00000000c5900000, 0x00000000c5a00000|  0%| F|  |TAMS 0x00000000c5900000, 0x00000000c5900000| Untracked 
|  50|0x00000000c5a00000, 0x00000000c5a00000, 0x00000000c5b00000|  0%| F|  |TAMS 0x00000000c5a00000, 0x00000000c5a00000| Untracked 
|  51|0x00000000c5b00000, 0x00000000c5b00000, 0x00000000c5c00000|  0%| F|  |TAMS 0x00000000c5b00000, 0x00000000c5b00000| Untracked 
|  52|0x00000000c5c00000, 0x00000000c5c00000, 0x00000000c5d00000|  0%| F|  |TAMS 0x00000000c5c00000, 0x00000000c5c00000| Untracked 
|  53|0x00000000c5d00000, 0x00000000c5d00000, 0x00000000c5e00000|  0%| F|  |TAMS 0x00000000c5d00000, 0x00000000c5d00000| Untracked 
|  54|0x00000000c5e00000, 0x00000000c5e00000, 0x00000000c5f00000|  0%| F|  |TAMS 0x00000000c5e00000, 0x00000000c5e00000| Untracked 
|  55|0x00000000c5f00000, 0x00000000c5f00000, 0x00000000c6000000|  0%| F|  |TAMS 0x00000000c5f00000, 0x00000000c5f00000| Untracked 
|  56|0x00000000c6000000, 0x00000000c6000000, 0x00000000c6100000|  0%| F|  |TAMS 0x00000000c6000000, 0x00000000c6000000| Untracked 
|  57|0x00000000c6100000, 0x00000000c6100000, 0x00000000c6200000|  0%| F|  |TAMS 0x00000000c6100000, 0x00000000c6100000| Untracked 
|  58|0x00000000c6200000, 0x00000000c6200000, 0x00000000c6300000|  0%| F|  |TAMS 0x00000000c6200000, 0x00000000c6200000| Untracked 
|  59|0x00000000c6300000, 0x00000000c6300000, 0x00000000c6400000|  0%| F|  |TAMS 0x00000000c6300000, 0x00000000c6300000| Untracked 
|  60|0x00000000c6400000, 0x00000000c6400000, 0x00000000c6500000|  0%| F|  |TAMS 0x00000000c6400000, 0x00000000c6400000| Untracked 
|  61|0x00000000c6500000, 0x00000000c6500000, 0x00000000c6600000|  0%| F|  |TAMS 0x00000000c6500000, 0x00000000c6500000| Untracked 
|  62|0x00000000c6600000, 0x00000000c6600000, 0x00000000c6700000|  0%| F|  |TAMS 0x00000000c6600000, 0x00000000c6600000| Untracked 
|  63|0x00000000c6700000, 0x00000000c6700000, 0x00000000c6800000|  0%| F|  |TAMS 0x00000000c6700000, 0x00000000c6700000| Untracked 
|  64|0x00000000c6800000, 0x00000000c6800000, 0x00000000c6900000|  0%| F|  |TAMS 0x00000000c6800000, 0x00000000c6800000| Untracked 
|  65|0x00000000c6900000, 0x00000000c6900000, 0x00000000c6a00000|  0%| F|  |TAMS 0x00000000c6900000, 0x00000000c6900000| Untracked 
|  66|0x00000000c6a00000, 0x00000000c6a00000, 0x00000000c6b00000|  0%| F|  |TAMS 0x00000000c6a00000, 0x00000000c6a00000| Untracked 
|  67|0x00000000c6b00000, 0x00000000c6b00000, 0x00000000c6c00000|  0%| F|  |TAMS 0x00000000c6b00000, 0x00000000c6b00000| Untracked 
|  68|0x00000000c6c00000, 0x00000000c6ce63a0, 0x00000000c6d00000| 89%| E|  |TAMS 0x00000000c6c00000, 0x00000000c6c00000| Complete 
|  69|0x00000000c6d00000, 0x00000000c6e00000, 0x00000000c6e00000|100%| E|CS|TAMS 0x00000000c6d00000, 0x00000000c6d00000| Complete 
|  70|0x00000000c6e00000, 0x00000000c6f00000, 0x00000000c6f00000|100%| E|CS|TAMS 0x00000000c6e00000, 0x00000000c6e00000| Complete 
|  71|0x00000000c6f00000, 0x00000000c7000000, 0x00000000c7000000|100%| E|CS|TAMS 0x00000000c6f00000, 0x00000000c6f00000| Complete 
|  72|0x00000000c7000000, 0x00000000c7100000, 0x00000000c7100000|100%| E|CS|TAMS 0x00000000c7000000, 0x00000000c7000000| Complete 
|  73|0x00000000c7100000, 0x00000000c7200000, 0x00000000c7200000|100%| E|CS|TAMS 0x00000000c7100000, 0x00000000c7100000| Complete 
|  74|0x00000000c7200000, 0x00000000c7300000, 0x00000000c7300000|100%| E|CS|TAMS 0x00000000c7200000, 0x00000000c7200000| Complete 

Card table byte_map: [0x000001b4cab60000,0x000001b4cad50000] _byte_map_base: 0x000001b4ca54c000

Marking Bits (Prev, Next): (CMBitMap*) 0x000001b4b3a6c740, (CMBitMap*) 0x000001b4b3a6c780
 Prev Bits: [0x000001b4caf40000, 0x000001b4cbea0000)
 Next Bits: [0x000001b4cbea0000, 0x000001b4cce00000)

Polling page: 0x000001b4b3af0000

Metaspace:

Usage:
  Non-class:     43.20 MB used.
      Class:      6.64 MB used.
       Both:     49.84 MB used.

Virtual space:
  Non-class space:       64.00 MB reserved,      43.50 MB ( 68%) committed,  1 nodes.
      Class space:        1.00 GB reserved,       6.88 MB ( <1%) committed,  1 nodes.
             Both:        1.06 GB reserved,      50.38 MB (  5%) committed. 

Chunk freelists:
   Non-Class:  4.53 MB
       Class:  9.07 MB
        Both:  13.61 MB

MaxMetaspaceSize: unlimited
CompressedClassSpaceSize: 1.00 GB
Initial GC threshold: 21.00 MB
Current GC threshold: 58.88 MB
CDS: on
MetaspaceReclaimPolicy: balanced
 - commit_granule_bytes: 65536.
 - commit_granule_words: 8192.
 - virtual_space_node_default_size: 8388608.
 - enlarge_chunks_in_place: 1.
 - new_chunks_are_fully_committed: 0.
 - uncommit_free_chunks: 1.
 - use_allocation_guard: 0.
 - handle_deallocations: 1.


Internal statistics:

num_allocs_failed_limit: 6.
num_arena_births: 722.
num_arena_deaths: 0.
num_vsnodes_births: 2.
num_vsnodes_deaths: 0.
num_space_committed: 806.
num_space_uncommitted: 0.
num_chunks_returned_to_freelist: 6.
num_chunks_taken_from_freelist: 2600.
num_chunk_merges: 6.
num_chunk_splits: 1783.
num_chunks_enlarged: 1339.
num_inconsistent_stats: 0.

CodeHeap 'non-profiled nmethods': size=120000Kb used=3692Kb max_used=3692Kb free=116307Kb
 bounds [0x000001b4c2e10000, 0x000001b4c31b0000, 0x000001b4ca340000]
CodeHeap 'profiled nmethods': size=120000Kb used=12151Kb max_used=12151Kb free=107848Kb
 bounds [0x000001b4bb340000, 0x000001b4bbf20000, 0x000001b4c2870000]
CodeHeap 'non-nmethods': size=5760Kb used=1302Kb max_used=1385Kb free=4457Kb
 bounds [0x000001b4c2870000, 0x000001b4c2ae0000, 0x000001b4c2e10000]
 total_blobs=6532 nmethods=5903 adapters=541
 compilation: enabled
              stopped_count=0, restarted_count=0
 full_count=0

Compilation events (20 events):
Event: 681.007 Thread 0x000001b4cf406400 nmethod 6676 0x000001b4bbf13a90 code [0x000001b4bbf13ce0, 0x000001b4bbf14938]
Event: 681.764 Thread 0x000001b4cf406400 6677       3       java.util.Collections::shuffle (140 bytes)
Event: 681.776 Thread 0x000001b4cf406400 nmethod 6677 0x000001b4bbf14c10 code [0x000001b4bbf14e60, 0x000001b4bbf15968]
Event: 681.878 Thread 0x000001b4cf406400 6678       3       reactor.util.concurrent.Queues::get (73 bytes)
Event: 681.912 Thread 0x000001b4cf406400 nmethod 6678 0x000001b4bbf15d10 code [0x000001b4bbf15f40, 0x000001b4bbf16768]
Event: 681.980 Thread 0x000001b4cf406400 6679       3       org.springframework.aop.target.AbstractBeanFactoryBasedTargetSource::getTargetBeanName (22 bytes)
Event: 681.988 Thread 0x000001b4cf406400 nmethod 6679 0x000001b4bbf16990 code [0x000001b4bbf16b40, 0x000001b4bbf16e08]
Event: 681.989 Thread 0x000001b4cf406400 6680       3       org.springframework.beans.factory.support.AbstractBeanFactory$$Lambda$905/0x000001b4d150e500::<init> (26 bytes)
Event: 682.011 Thread 0x000001b4cf406400 nmethod 6680 0x000001b4bbf16f10 code [0x000001b4bbf170c0, 0x000001b4bbf17398]
Event: 682.011 Thread 0x000001b4cf406400 6681   !   3       org.springframework.cloud.context.scope.GenericScope::get (59 bytes)
Event: 682.036 Thread 0x000001b4cf406400 nmethod 6681 0x000001b4bbf17490 code [0x000001b4bbf176c0, 0x000001b4bbf18068]
Event: 682.036 Thread 0x000001b4cf406400 6683       1       org.springframework.aop.framework.ReflectiveMethodInvocation::getArguments (5 bytes)
Event: 682.038 Thread 0x000001b4cf406400 nmethod 6683 0x000001b4c31aa990 code [0x000001b4c31aab20, 0x000001b4c31aabf8]
Event: 682.038 Thread 0x000001b4cf406400 6682       1       org.springframework.aop.framework.ReflectiveMethodInvocation::getMethod (5 bytes)
Event: 682.043 Thread 0x000001b4cf406400 nmethod 6682 0x000001b4c31aac90 code [0x000001b4c31aae20, 0x000001b4c31aaef8]
Event: 682.181 Thread 0x000001b4cf3b2af0 6684       4       org.springframework.core.MethodParameter::getGenericParameterType (147 bytes)
Event: 682.385 Thread 0x000001b4cf406400 6685       3       java.util.EventObject::<init> (24 bytes)
Event: 682.390 Thread 0x000001b4cf406400 nmethod 6685 0x000001b4bbf18490 code [0x000001b4bbf18640, 0x000001b4bbf18908]
Event: 682.390 Thread 0x000001b4cf406400 6686       3       org.springframework.core.ResolvableType::forInstance (43 bytes)
Event: 682.395 Thread 0x000001b4cf406400 nmethod 6686 0x000001b4bbf18a10 code [0x000001b4bbf18c00, 0x000001b4bbf19238]

GC Heap History (20 events):
Event: 8.116 GC heap before
{Heap before GC invocations=4 (full 0):
 garbage-first heap   total 63488K, used 39555K [0x00000000c2800000, 0x0000000100000000)
  region size 1024K, 25 young (25600K), 2 survivors (2048K)
 Metaspace       used 17242K, committed 17472K, reserved 1114112K
  class space    used 2206K, committed 2304K, reserved 1048576K
}
Event: 8.121 GC heap after
{Heap after GC invocations=5 (full 0):
 garbage-first heap   total 63488K, used 18473K [0x00000000c2800000, 0x0000000100000000)
  region size 1024K, 3 young (3072K), 3 survivors (3072K)
 Metaspace       used 17242K, committed 17472K, reserved 1114112K
  class space    used 2206K, committed 2304K, reserved 1048576K
}
Event: 9.300 GC heap before
{Heap before GC invocations=5 (full 0):
 garbage-first heap   total 63488K, used 42025K [0x00000000c2800000, 0x0000000100000000)
  region size 1024K, 27 young (27648K), 3 survivors (3072K)
 Metaspace       used 21066K, committed 21312K, reserved 1114112K
  class space    used 2660K, committed 2752K, reserved 1048576K
}
Event: 9.309 GC heap after
{Heap after GC invocations=6 (full 0):
 garbage-first heap   total 63488K, used 20842K [0x00000000c2800000, 0x0000000100000000)
  region size 1024K, 4 young (4096K), 4 survivors (4096K)
 Metaspace       used 21066K, committed 21312K, reserved 1114112K
  class space    used 2660K, committed 2752K, reserved 1048576K
}
Event: 9.663 GC heap before
{Heap before GC invocations=6 (full 0):
 garbage-first heap   total 63488K, used 23914K [0x00000000c2800000, 0x0000000100000000)
  region size 1024K, 8 young (8192K), 4 survivors (4096K)
 Metaspace       used 21262K, committed 21504K, reserved 1114112K
  class space    used 2681K, committed 2816K, reserved 1048576K
}
Event: 9.675 GC heap after
{Heap after GC invocations=7 (full 0):
 garbage-first heap   total 63488K, used 21265K [0x00000000c2800000, 0x0000000100000000)
  region size 1024K, 1 young (1024K), 1 survivors (1024K)
 Metaspace       used 21262K, committed 21504K, reserved 1114112K
  class space    used 2681K, committed 2816K, reserved 1048576K
}
Event: 11.861 GC heap before
{Heap before GC invocations=8 (full 0):
 garbage-first heap   total 63488K, used 41745K [0x00000000c2800000, 0x0000000100000000)
  region size 1024K, 24 young (24576K), 1 survivors (1024K)
 Metaspace       used 23689K, committed 24000K, reserved 1114112K
  class space    used 3024K, committed 3136K, reserved 1048576K
}
Event: 11.868 GC heap after
{Heap after GC invocations=9 (full 0):
 garbage-first heap   total 63488K, used 19783K [0x00000000c2800000, 0x0000000100000000)
  region size 1024K, 3 young (3072K), 3 survivors (3072K)
 Metaspace       used 23689K, committed 24000K, reserved 1114112K
  class space    used 3024K, committed 3136K, reserved 1048576K
}
Event: 12.998 GC heap before
{Heap before GC invocations=9 (full 0):
 garbage-first heap   total 63488K, used 45383K [0x00000000c2800000, 0x0000000100000000)
  region size 1024K, 28 young (28672K), 3 survivors (3072K)
 Metaspace       used 29248K, committed 29568K, reserved 1114112K
  class space    used 3870K, committed 4032K, reserved 1048576K
}
Event: 13.010 GC heap after
{Heap after GC invocations=10 (full 0):
 garbage-first heap   total 63488K, used 21513K [0x00000000c2800000, 0x0000000100000000)
  region size 1024K, 4 young (4096K), 4 survivors (4096K)
 Metaspace       used 29248K, committed 29568K, reserved 1114112K
  class space    used 3870K, committed 4032K, reserved 1048576K
}
Event: 14.651 GC heap before
{Heap before GC invocations=10 (full 0):
 garbage-first heap   total 63488K, used 47113K [0x00000000c2800000, 0x0000000100000000)
  region size 1024K, 29 young (29696K), 4 survivors (4096K)
 Metaspace       used 33113K, committed 33536K, reserved 1114112K
  class space    used 4410K, committed 4608K, reserved 1048576K
}
Event: 14.665 GC heap after
{Heap after GC invocations=11 (full 0):
 garbage-first heap   total 63488K, used 23146K [0x00000000c2800000, 0x0000000100000000)
  region size 1024K, 4 young (4096K), 4 survivors (4096K)
 Metaspace       used 33113K, committed 33536K, reserved 1114112K
  class space    used 4410K, committed 4608K, reserved 1048576K
}
Event: 16.033 GC heap before
{Heap before GC invocations=11 (full 0):
 garbage-first heap   total 63488K, used 40554K [0x00000000c2800000, 0x0000000100000000)
  region size 1024K, 22 young (22528K), 4 survivors (4096K)
 Metaspace       used 35615K, committed 35968K, reserved 1114112K
  class space    used 4749K, committed 4928K, reserved 1048576K
}
Event: 16.053 GC heap after
{Heap after GC invocations=12 (full 0):
 garbage-first heap   total 63488K, used 24555K [0x00000000c2800000, 0x0000000100000000)
  region size 1024K, 3 young (3072K), 3 survivors (3072K)
 Metaspace       used 35615K, committed 35968K, reserved 1114112K
  class space    used 4749K, committed 4928K, reserved 1048576K
}
Event: 18.024 GC heap before
{Heap before GC invocations=13 (full 0):
 garbage-first heap   total 63488K, used 49131K [0x00000000c2800000, 0x0000000100000000)
  region size 1024K, 27 young (27648K), 3 survivors (3072K)
 Metaspace       used 39577K, committed 40000K, reserved 1114112K
  class space    used 5295K, committed 5504K, reserved 1048576K
}
Event: 18.041 GC heap after
{Heap after GC invocations=14 (full 0):
 garbage-first heap   total 63488K, used 27313K [0x00000000c2800000, 0x0000000100000000)
  region size 1024K, 4 young (4096K), 4 survivors (4096K)
 Metaspace       used 39577K, committed 40000K, reserved 1114112K
  class space    used 5295K, committed 5504K, reserved 1048576K
}
Event: 21.945 GC heap before
{Heap before GC invocations=14 (full 0):
 garbage-first heap   total 63488K, used 48817K [0x00000000c2800000, 0x0000000100000000)
  region size 1024K, 25 young (25600K), 4 survivors (4096K)
 Metaspace       used 44537K, committed 44928K, reserved 1114112K
  class space    used 5957K, committed 6144K, reserved 1048576K
}
Event: 21.959 GC heap after
{Heap after GC invocations=15 (full 0):
 garbage-first heap   total 76800K, used 29366K [0x00000000c2800000, 0x0000000100000000)
  region size 1024K, 2 young (2048K), 2 survivors (2048K)
 Metaspace       used 44537K, committed 44928K, reserved 1114112K
  class space    used 5957K, committed 6144K, reserved 1048576K
}
Event: 368.206 GC heap before
{Heap before GC invocations=15 (full 0):
 garbage-first heap   total 76800K, used 60086K [0x00000000c2800000, 0x0000000100000000)
  region size 1024K, 32 young (32768K), 2 survivors (2048K)
 Metaspace       used 50791K, committed 51328K, reserved 1114112K
  class space    used 6794K, committed 7040K, reserved 1048576K
}
Event: 368.429 GC heap after
{Heap after GC invocations=16 (full 0):
 garbage-first heap   total 76800K, used 31592K [0x00000000c2800000, 0x0000000100000000)
  region size 1024K, 4 young (4096K), 4 survivors (4096K)
 Metaspace       used 50791K, committed 51328K, reserved 1114112K
  class space    used 6794K, committed 7040K, reserved 1048576K
}

Deoptimization events (20 events):
Event: 189.630 Thread 0x000001b5152584f0 Uncommon trap: trap_request=0xffffff66 fr.pc=0x000001b4c3063f4c relative=0x000000000000010c
Event: 189.630 Thread 0x000001b5152584f0 Uncommon trap: reason=speculate_class_check action=maybe_recompile pc=0x000001b4c3063f4c method=java.util.function.BiPredicate.lambda$or$2(Ljava/util/function/BiPredicate;Ljava/lang/Object;Ljava/lang/Object;)Z @ 3 c2
Event: 189.630 Thread 0x000001b5152584f0 DEOPT PACKING pc=0x000001b4c3063f4c sp=0x0000006895efae60
Event: 189.630 Thread 0x000001b5152584f0 DEOPT UNPACKING pc=0x000001b4c28c23a3 sp=0x0000006895efad98 mode 2
Event: 194.896 Thread 0x000001b5152584f0 Uncommon trap: trap_request=0xffffff66 fr.pc=0x000001b4c3063f4c relative=0x000000000000010c
Event: 194.896 Thread 0x000001b5152584f0 Uncommon trap: reason=speculate_class_check action=maybe_recompile pc=0x000001b4c3063f4c method=java.util.function.BiPredicate.lambda$or$2(Ljava/util/function/BiPredicate;Ljava/lang/Object;Ljava/lang/Object;)Z @ 3 c2
Event: 194.896 Thread 0x000001b5152584f0 DEOPT PACKING pc=0x000001b4c3063f4c sp=0x0000006895efe210
Event: 194.896 Thread 0x000001b5152584f0 DEOPT UNPACKING pc=0x000001b4c28c23a3 sp=0x0000006895efe148 mode 2
Event: 382.476 Thread 0x000001b515254d40 Uncommon trap: trap_request=0xffffff66 fr.pc=0x000001b4c3063f4c relative=0x000000000000010c
Event: 382.478 Thread 0x000001b515254d40 Uncommon trap: reason=speculate_class_check action=maybe_recompile pc=0x000001b4c3063f4c method=java.util.function.BiPredicate.lambda$or$2(Ljava/util/function/BiPredicate;Ljava/lang/Object;Ljava/lang/Object;)Z @ 3 c2
Event: 382.479 Thread 0x000001b515254d40 DEOPT PACKING pc=0x000001b4c3063f4c sp=0x0000006897ff9c20
Event: 382.480 Thread 0x000001b515254d40 DEOPT UNPACKING pc=0x000001b4c28c23a3 sp=0x0000006897ff9b58 mode 2
Event: 383.281 Thread 0x000001b515254d40 Uncommon trap: trap_request=0xffffffde fr.pc=0x000001b4c2e1aad8 relative=0x0000000000000698
Event: 383.281 Thread 0x000001b515254d40 Uncommon trap: reason=class_check action=maybe_recompile pc=0x000001b4c2e1aad8 method=java.lang.AbstractStringBuilder.<init>(Ljava/lang/String;)V @ 58 c2
Event: 383.281 Thread 0x000001b515254d40 DEOPT PACKING pc=0x000001b4c2e1aad8 sp=0x0000006897ff8e70
Event: 383.282 Thread 0x000001b515254d40 DEOPT UNPACKING pc=0x000001b4c28c23a3 sp=0x0000006897ff8e50 mode 2
Event: 525.885 Thread 0x000001b515255250 Uncommon trap: trap_request=0xffffff6e fr.pc=0x000001b4c31753d0 relative=0x0000000000005730
Event: 525.890 Thread 0x000001b515255250 Uncommon trap: reason=loop_limit_check action=maybe_recompile pc=0x000001b4c31753d0 method=org.springframework.boot.context.properties.source.ConfigurationPropertyName.elementsEqual(Lorg/springframework/boot/context/properties/source/ConfigurationProperty
Event: 525.891 Thread 0x000001b515255250 DEOPT PACKING pc=0x000001b4c31753d0 sp=0x00000068984fb150
Event: 525.899 Thread 0x000001b515255250 DEOPT UNPACKING pc=0x000001b4c28c23a3 sp=0x00000068984faf20 mode 2

Classes unloaded (0 events):
No events

Classes redefined (0 events):
No events

Internal exceptions (20 events):
Event: 22.061 Thread 0x000001b4b213be70 Exception <a 'java/lang/NoSuchMethodError'{0x00000000c7143ca0}: 'java.lang.Object java.lang.invoke.DirectMethodHandle$Holder.newInvokeSpecial(java.lang.Object, java.lang.Object, int, java.lang.Object)'> (0x00000000c7143ca0) 
thrown [s\open\src\hotspot\share\interpreter\linkResolver.cpp, line 759]
Event: 22.061 Thread 0x000001b4b213be70 Exception <a 'java/lang/NoSuchMethodError'{0x00000000c7147868}: 'java.lang.Object java.lang.invoke.Invokers$Holder.linkToTargetMethod(java.lang.Object, int, java.lang.Object, java.lang.Object)'> (0x00000000c7147868) 
thrown [s\open\src\hotspot\share\interpreter\linkResolver.cpp, line 759]
Event: 24.095 Thread 0x000001b4b213be70 Exception <a 'java/lang/IncompatibleClassChangeError'{0x00000000c6feae18}: Found class java.lang.Object, but interface was expected> (0x00000000c6feae18) 
thrown [s\open\src\hotspot\share\interpreter\linkResolver.cpp, line 826]
Event: 168.783 Thread 0x000001b515257fe0 Exception <a 'java/lang/NoSuchMethodError'{0x00000000c69b2570}: 'java.lang.Object java.lang.invoke.DirectMethodHandle$Holder.invokeStaticInit(java.lang.Object, java.lang.Object, java.lang.Object, java.lang.Object)'> (0x00000000c69b2570) 
thrown [s\open\src\hotspot\share\interpreter\linkResolver.cpp, line 759]
Event: 170.126 Thread 0x000001b5152584f0 Exception <a 'java/lang/NoSuchMethodError'{0x00000000c66d2840}: 'void java.lang.invoke.DirectMethodHandle$Holder.invokeStatic(java.lang.Object, int)'> (0x00000000c66d2840) 
thrown [s\open\src\hotspot\share\interpreter\linkResolver.cpp, line 759]
Event: 170.128 Thread 0x000001b5152584f0 Exception <a 'java/lang/NoSuchMethodError'{0x00000000c66d5f48}: 'void java.lang.invoke.DirectMethodHandle$Holder.invokeStaticInit(java.lang.Object, int)'> (0x00000000c66d5f48) 
thrown [s\open\src\hotspot\share\interpreter\linkResolver.cpp, line 759]
Event: 170.133 Thread 0x000001b5152584f0 Exception <a 'java/lang/NoSuchMethodError'{0x00000000c66dba78}: 'void java.lang.invoke.DirectMethodHandle$Holder.invokeSpecial(java.lang.Object, java.lang.Object, int)'> (0x00000000c66dba78) 
thrown [s\open\src\hotspot\share\interpreter\linkResolver.cpp, line 759]
Event: 172.925 Thread 0x000001b5152584f0 Exception <a 'java/lang/IncompatibleClassChangeError'{0x00000000c6239f78}: Found class java.lang.Object, but interface was expected> (0x00000000c6239f78) 
thrown [s\open\src\hotspot\share\interpreter\linkResolver.cpp, line 826]
Event: 172.960 Thread 0x000001b5152584f0 Exception <a 'java/lang/reflect/InvocationTargetException'{0x00000000c628a570}> (0x00000000c628a570) 
thrown [s\open\src\hotspot\share\runtime\reflection.cpp, line 1121]
Event: 173.272 Thread 0x000001b5152584f0 Exception <a 'java/lang/NoSuchMethodError'{0x00000000c6051100}: 'int java.lang.invoke.DirectMethodHandle$Holder.invokeStatic(java.lang.Object, java.lang.Object, java.lang.Object, java.lang.Object, java.lang.Object)'> (0x00000000c6051100) 
thrown [s\open\src\hotspot\share\interpreter\linkResolver.cpp, line 759]
Event: 173.286 Thread 0x000001b5152584f0 Exception <a 'java/lang/NoSuchMethodError'{0x00000000c606bcd8}: 'void java.lang.invoke.DirectMethodHandle$Holder.invokeSpecial(java.lang.Object, java.lang.Object, java.lang.Object, java.lang.Object, java.lang.Object, java.lang.Object, java.lang.Object, java.lang.Object)'> (0x00000000c606bcd8) 
thrown [s\open\src\hotspot\share\interpreter\linkResolver.cpp, line 759]
Event: 173.631 Thread 0x000001b5152584f0 Exception <a 'java/io/FileNotFoundException'{0x00000000c5d380d8}> (0x00000000c5d380d8) 
thrown [s\open\src\hotspot\share\prims\jni.cpp, line 516]
Event: 173.710 Thread 0x000001b5152584f0 Exception <a 'sun/nio/fs/WindowsException'{0x00000000c5dbb010}> (0x00000000c5dbb010) 
thrown [s\open\src\hotspot\share\prims\jni.cpp, line 516]
Event: 173.874 Thread 0x000001b5152584f0 Exception <a 'java/lang/NoSuchMethodError'{0x00000000c5b171e0}: 'java.lang.Object java.lang.invoke.DirectMethodHandle$Holder.newInvokeSpecial(java.lang.Object, java.lang.Object, long, java.lang.Object)'> (0x00000000c5b171e0) 
thrown [s\open\src\hotspot\share\interpreter\linkResolver.cpp, line 759]
Event: 174.022 Thread 0x000001b5152584f0 Exception <a 'java/lang/NoSuchMethodError'{0x00000000c5acf918}: 'java.lang.Object java.lang.invoke.Invokers$Holder.linkToTargetMethod(java.lang.Object, int, java.lang.Object, java.lang.Object, java.lang.Object, java.lang.Object)'> (0x00000000c5acf918) 
thrown [s\open\src\hotspot\share\interpreter\linkResolver.cpp, line 759]
Event: 174.024 Thread 0x000001b5152584f0 Exception <a 'java/lang/NoSuchMethodError'{0x00000000c5ad4450}: 'java.lang.Object java.lang.invoke.DirectMethodHandle$Holder.invokeStatic(java.lang.Object, java.lang.Object, java.lang.Object, int, java.lang.Object, java.lang.Object)'> (0x00000000c5ad4450) 
thrown [s\open\src\hotspot\share\interpreter\linkResolver.cpp, line 759]
Event: 174.060 Thread 0x000001b5152584f0 Exception <a 'java/lang/NoSuchMethodError'{0x00000000c59245d0}: 'java.lang.Object java.lang.invoke.DirectMethodHandle$Holder.newInvokeSpecial(java.lang.Object, java.lang.Object, java.lang.Object, java.lang.Object, int, java.lang.Object)'> (0x00000000c59245d0) 
thrown [s\open\src\hotspot\share\interpreter\linkResolver.cpp, line 759]
Event: 174.061 Thread 0x000001b5152584f0 Exception <a 'java/lang/NoSuchMethodError'{0x00000000c5928698}: 'java.lang.Object java.lang.invoke.DirectMethodHandle$Holder.invokeSpecial(java.lang.Object, java.lang.Object, java.lang.Object, java.lang.Object, java.lang.Object, int, java.lang.Object)'> (0x00000000c5928698) 
thrown [s\open\src\hotspot\share\interpreter\linkResolver.cpp, line 759]
Event: 174.061 Thread 0x000001b5152584f0 Exception <a 'java/lang/NoSuchMethodError'{0x00000000c592c540}: 'java.lang.Object java.lang.invoke.Invokers$Holder.linkToTargetMethod(java.lang.Object, java.lang.Object, java.lang.Object, int, java.lang.Object, java.lang.Object)'> (0x00000000c592c540) 
thrown [s\open\src\hotspot\share\interpreter\linkResolver.cpp, line 759]
Event: 174.122 Thread 0x000001b5152584f0 Exception <a 'java/lang/NoSuchMethodError'{0x00000000c599cd00}: 'void java.lang.invoke.DirectMethodHandle$Holder.invokeStaticInit(java.lang.Object)'> (0x00000000c599cd00) 
thrown [s\open\src\hotspot\share\interpreter\linkResolver.cpp, line 759]

VM Operations (20 events):
Event: 547.971 Executing VM operation: Cleanup
Event: 547.976 Executing VM operation: Cleanup done
Event: 557.061 Executing VM operation: Cleanup
Event: 557.061 Executing VM operation: Cleanup done
Event: 588.347 Executing VM operation: Cleanup
Event: 588.352 Executing VM operation: Cleanup done
Event: 610.563 Executing VM operation: Cleanup
Event: 610.563 Executing VM operation: Cleanup done
Event: 618.659 Executing VM operation: Cleanup
Event: 618.675 Executing VM operation: Cleanup done
Event: 640.874 Executing VM operation: Cleanup
Event: 640.888 Executing VM operation: Cleanup done
Event: 649.999 Executing VM operation: Cleanup
Event: 650.000 Executing VM operation: Cleanup done
Event: 651.009 Executing VM operation: Cleanup
Event: 651.010 Executing VM operation: Cleanup done
Event: 673.212 Executing VM operation: Cleanup
Event: 673.233 Executing VM operation: Cleanup done
Event: 681.299 Executing VM operation: Cleanup
Event: 681.393 Executing VM operation: Cleanup done

Events (20 events):
Event: 174.045 loading class sun/nio/ch/DatagramChannelImpl$DefaultOptionsHolder
Event: 174.045 loading class sun/nio/ch/DatagramChannelImpl$DefaultOptionsHolder done
Event: 180.035 loading class sun/nio/ch/IOVecWrapper
Event: 180.036 loading class sun/nio/ch/IOVecWrapper done
Event: 180.036 loading class sun/nio/ch/AllocatedNativeObject
Event: 180.037 loading class sun/nio/ch/NativeObject
Event: 180.038 loading class sun/nio/ch/NativeObject done
Event: 180.038 loading class sun/nio/ch/AllocatedNativeObject done
Event: 180.038 loading class sun/nio/ch/IOVecWrapper$Deallocator
Event: 180.039 loading class sun/nio/ch/IOVecWrapper$Deallocator done
Event: 209.077 loading class java/util/concurrent/ConcurrentSkipListMap$SubMap
Event: 209.407 loading class java/util/concurrent/ConcurrentSkipListMap$SubMap done
Event: 209.429 loading class java/util/concurrent/ConcurrentSkipListMap$Values
Event: 209.471 loading class java/util/concurrent/ConcurrentSkipListMap$Values done
Event: 209.488 loading class java/util/concurrent/ConcurrentSkipListMap$SubMap$SubMapValueIterator
Event: 209.504 loading class java/util/concurrent/ConcurrentSkipListMap$SubMap$SubMapIter
Event: 209.544 loading class java/util/concurrent/ConcurrentSkipListMap$SubMap$SubMapIter done
Event: 209.545 loading class java/util/concurrent/ConcurrentSkipListMap$SubMap$SubMapValueIterator done
Event: 317.229 Thread 0x000001b515258a00 Thread added: 0x000001b515258a00
Event: 382.356 Thread 0x000001b515256180 Thread added: 0x000001b515256180


Dynamic libraries:
0x00007ff7e6c00000 - 0x00007ff7e6c10000 	C:\Program Files\Java\jdk-17\bin\javaw.exe
0x00007ff86b780000 - 0x00007ff86b9e0000 	C:\WINDOWS\SYSTEM32\ntdll.dll
0x00007ff86b020000 - 0x00007ff86b0e7000 	C:\WINDOWS\System32\KERNEL32.DLL
0x00007ff868dd0000 - 0x00007ff86919a000 	C:\WINDOWS\System32\KERNELBASE.dll
0x00007ff869310000 - 0x00007ff86945b000 	C:\WINDOWS\System32\ucrtbase.dll
0x00007ff8500e0000 - 0x00007ff8500f9000 	C:\Program Files\Java\jdk-17\bin\jli.dll
0x00007ff86b2d0000 - 0x00007ff86b382000 	C:\WINDOWS\System32\ADVAPI32.dll
0x00007ff86a740000 - 0x00007ff86a7e9000 	C:\WINDOWS\System32\msvcrt.dll
0x00007ff869dd0000 - 0x00007ff869e76000 	C:\WINDOWS\System32\sechost.dll
0x00007ff869e80000 - 0x00007ff869f96000 	C:\WINDOWS\System32\RPCRT4.dll
0x00007ff84aeb0000 - 0x00007ff84aecb000 	C:\Program Files\Java\jdk-17\bin\VCRUNTIME140.dll
0x00007ff86b540000 - 0x00007ff86b70c000 	C:\WINDOWS\System32\USER32.dll
0x00007ff869520000 - 0x00007ff869547000 	C:\WINDOWS\System32\win32u.dll
0x00007ff86a020000 - 0x00007ff86a04a000 	C:\WINDOWS\System32\GDI32.dll
0x00007ff868a60000 - 0x00007ff868b91000 	C:\WINDOWS\System32\gdi32full.dll
0x00007ff868ba0000 - 0x00007ff868c43000 	C:\WINDOWS\System32\msvcp_win.dll
0x00007ff854b60000 - 0x00007ff854df7000 	C:\WINDOWS\WinSxS\amd64_microsoft.windows.common-controls_6595b64144ccf1df_6.0.26100.3624_none_3e086962e3345f24\COMCTL32.dll
0x00007ff85f5a0000 - 0x00007ff85f5ab000 	C:\WINDOWS\SYSTEM32\VERSION.dll
0x00007ff86b3a0000 - 0x00007ff86b3cf000 	C:\WINDOWS\System32\IMM32.DLL
0x00007ff84aea0000 - 0x00007ff84aeac000 	C:\Program Files\Java\jdk-17\bin\vcruntime140_1.dll
0x00007ff84ae10000 - 0x00007ff84ae9e000 	C:\Program Files\Java\jdk-17\bin\msvcp140.dll
0x00007fffd8be0000 - 0x00007fffd97bf000 	C:\Program Files\Java\jdk-17\bin\server\jvm.dll
0x00007ff869af0000 - 0x00007ff869af8000 	C:\WINDOWS\System32\PSAPI.DLL
0x00007ff855b80000 - 0x00007ff855bb6000 	C:\WINDOWS\SYSTEM32\WINMM.dll
0x00007ff84ae00000 - 0x00007ff84ae0a000 	C:\WINDOWS\SYSTEM32\WSOCK32.dll
0x00007ff86b4c0000 - 0x00007ff86b534000 	C:\WINDOWS\System32\ws2_32.DLL
0x00007ff867740000 - 0x00007ff86775a000 	C:\WINDOWS\SYSTEM32\kernel.appcore.dll
0x00007ff84adf0000 - 0x00007ff84adfa000 	C:\Program Files\Java\jdk-17\bin\jimage.dll
0x00007ff863210000 - 0x00007ff863451000 	C:\WINDOWS\SYSTEM32\DBGHELP.DLL
0x00007ff869570000 - 0x00007ff8698f2000 	C:\WINDOWS\System32\combase.dll
0x00007ff869b90000 - 0x00007ff869c66000 	C:\WINDOWS\System32\OLEAUT32.dll
0x00007ff83b590000 - 0x00007ff83b5c9000 	C:\WINDOWS\SYSTEM32\dbgcore.DLL
0x00007ff868930000 - 0x00007ff8689c9000 	C:\WINDOWS\System32\bcryptPrimitives.dll
0x00007ff841f60000 - 0x00007ff841f85000 	C:\Program Files\Java\jdk-17\bin\java.dll
0x00007ff805f70000 - 0x00007ff806047000 	C:\Program Files\Java\jdk-17\bin\jsvml.dll
0x00007ff86a8e0000 - 0x00007ff86b009000 	C:\WINDOWS\System32\SHELL32.dll
0x00007ff8691a0000 - 0x00007ff869308000 	C:\WINDOWS\System32\wintypes.dll
0x00007ff8665c0000 - 0x00007ff866e12000 	C:\WINDOWS\SYSTEM32\windows.storage.dll
0x00007ff86a650000 - 0x00007ff86a73d000 	C:\WINDOWS\System32\SHCORE.dll
0x00007ff86a5e0000 - 0x00007ff86a644000 	C:\WINDOWS\System32\shlwapi.dll
0x00007ff868840000 - 0x00007ff86886f000 	C:\WINDOWS\SYSTEM32\profapi.dll
0x00007ff84add0000 - 0x00007ff84ade9000 	C:\Program Files\Java\jdk-17\bin\net.dll
0x00007ff85c0d0000 - 0x00007ff85c1ed000 	C:\WINDOWS\SYSTEM32\WINHTTP.dll
0x00007ff867c60000 - 0x00007ff867cca000 	C:\WINDOWS\system32\mswsock.dll
0x00007ff844500000 - 0x00007ff844516000 	C:\Program Files\Java\jdk-17\bin\nio.dll
0x00007ff842fb0000 - 0x00007ff842fc8000 	C:\Program Files\Java\jdk-17\bin\zip.dll
0x00007ff8671d0000 - 0x00007ff867203000 	C:\WINDOWS\SYSTEM32\IPHLPAPI.DLL
0x00007ff86a870000 - 0x00007ff86a87a000 	C:\WINDOWS\System32\NSI.dll
0x00007ff85be20000 - 0x00007ff85be3f000 	C:\WINDOWS\SYSTEM32\dhcpcsvc6.DLL
0x00007ff85f680000 - 0x00007ff85f6a5000 	C:\WINDOWS\SYSTEM32\dhcpcsvc.DLL
0x00007ff867210000 - 0x00007ff867335000 	C:\WINDOWS\SYSTEM32\DNSAPI.dll
0x00007ff8599e0000 - 0x00007ff8599eb000 	C:\Windows\System32\rasadhlp.dll
0x00007ff85ab40000 - 0x00007ff85abc5000 	C:\WINDOWS\System32\fwpuclnt.dll
0x00007ff867f00000 - 0x00007ff867f1c000 	C:\WINDOWS\SYSTEM32\CRYPTSP.dll
0x00007ff8676a0000 - 0x00007ff8676da000 	C:\WINDOWS\system32\rsaenh.dll
0x00007ff867d00000 - 0x00007ff867d2b000 	C:\WINDOWS\SYSTEM32\USERENV.dll
0x00007ff868810000 - 0x00007ff868836000 	C:\WINDOWS\SYSTEM32\bcrypt.dll
0x00007ff867f20000 - 0x00007ff867f2c000 	C:\WINDOWS\SYSTEM32\CRYPTBASE.dll
0x00007ff841f50000 - 0x00007ff841f60000 	C:\Program Files\Java\jdk-17\bin\verify.dll
0x00007ff8426c0000 - 0x00007ff8426ce000 	C:\Program Files\Java\jdk-17\bin\sunmscapi.dll
0x00007ff868c50000 - 0x00007ff868dc7000 	C:\WINDOWS\System32\CRYPT32.dll
0x00007ff868100000 - 0x00007ff868130000 	C:\WINDOWS\SYSTEM32\ncrypt.dll
0x00007ff8680b0000 - 0x00007ff8680ef000 	C:\WINDOWS\SYSTEM32\NTASN1.dll
0x00007ff85bdf0000 - 0x00007ff85bdf8000 	C:\WINDOWS\system32\wshunix.dll
0x00007ff8426b0000 - 0x00007ff8426ba000 	C:\Program Files\Java\jdk-17\bin\management.dll
0x00007ff842340000 - 0x00007ff84234b000 	C:\Program Files\Java\jdk-17\bin\management_ext.dll
0x00007ff84ad40000 - 0x00007ff84ad58000 	C:\WINDOWS\system32\napinsp.dll
0x00007ff84ad20000 - 0x00007ff84ad32000 	C:\WINDOWS\System32\winrnr.dll
0x00007ff84ac70000 - 0x00007ff84aca0000 	C:\WINDOWS\system32\nlansp_c.dll
0x00007ff84ac10000 - 0x00007ff84ac26000 	C:\WINDOWS\system32\wshbth.dll

dbghelp: loaded successfully - version: 4.0.5 - missing functions: none
symbol engine: initialized successfully - sym options: 0x614 - pdb path: .;C:\Program Files\Java\jdk-17\bin;C:\WINDOWS\SYSTEM32;C:\WINDOWS\WinSxS\amd64_microsoft.windows.common-controls_6595b64144ccf1df_6.0.26100.3624_none_3e086962e3345f24;C:\Program Files\Java\jdk-17\bin\server

VM Arguments:
jvm_args: -Dfile.encoding=UTF-8 -Dstdout.encoding=UTF-8 -Dstderr.encoding=UTF-8 -XX:+ShowCodeDetailsInExceptionMessages 
java_command: com.carloseduardo.api_gateway.ApiGatewayApplication
java_class_path (initial): C:\Users\Carlo\OneDrive\Desktop\microsservios\api-gateway\target\classes;C:\Users\Carlo\.m2\repository\org\springframework\cloud\spring-cloud-starter-gateway\4.2.1\spring-cloud-starter-gateway-4.2.1.jar;C:\Users\Carlo\.m2\repository\org\springframework\cloud\spring-cloud-starter\4.2.1\spring-cloud-starter-4.2.1.jar;C:\Users\Carlo\.m2\repository\org\springframework\cloud\spring-cloud-context\4.2.1\spring-cloud-context-4.2.1.jar;C:\Users\Carlo\.m2\repository\org\springframework\security\spring-security-crypto\6.4.5\spring-security-crypto-6.4.5.jar;C:\Users\Carlo\.m2\repository\org\springframework\cloud\spring-cloud-commons\4.2.1\spring-cloud-commons-4.2.1.jar;C:\Users\Carlo\.m2\repository\org\bouncycastle\bcprov-jdk18on\1.78.1\bcprov-jdk18on-1.78.1.jar;C:\Users\Carlo\.m2\repository\org\springframework\cloud\spring-cloud-gateway-server\4.2.1\spring-cloud-gateway-server-4.2.1.jar;C:\Users\Carlo\.m2\repository\org\springframework\boot\spring-boot-starter-validation\3.4.5\spring-boot-starter-validation-3.4.5.jar;C:\Users\Carlo\.m2\repository\org\apache\tomcat\embed\tomcat-embed-el\10.1.40\tomcat-embed-el-10.1.40.jar;C:\Users\Carlo\.m2\repository\org\hibernate\validator\hibernate-validator\8.0.2.Final\hibernate-validator-8.0.2.Final.jar;C:\Users\Carlo\.m2\repository\jakarta\validation\jakarta.validation-api\3.0.2\jakarta.validation-api-3.0.2.jar;C:\Users\Carlo\.m2\repository\org\jboss\logging\jboss-logging\3.6.1.Final\jboss-logging-3.6.1.Final.jar;C:\Users\Carlo\.m2\repository\com\fasterxml\classmate\1.7.0\classmate-1.7.0.jar;C:\Users\Carlo\.m2\repository\io\projectreactor\addons\reactor-extra\3.5.2\reactor-extra-3.5.2.jar;C:\Users\Carlo\.m2\repository\org\springframework\boot\spring-boot-starter-webflux\3.4.5\spring-boot-starter-webflux-3.4.5.jar;C:\Users\Carlo\.m2\repository\org\springframework\boot\spring-boot-starter-json\3.4.5\spring-boot-starter-json-3.4.5.jar;C:\Users\Carlo\.m2\repository\com\fasterxml\jackson\datatype\jackson-datatype-
Launcher Type: SUN_STANDARD

[Global flags]
     intx CICompilerCount                          = 3                                         {product} {ergonomic}
     uint ConcGCThreads                            = 1                                         {product} {ergonomic}
     uint G1ConcRefinementThreads                  = 4                                         {product} {ergonomic}
   size_t G1HeapRegionSize                         = 1048576                                   {product} {ergonomic}
    uintx GCDrainStackTargetSize                   = 64                                        {product} {ergonomic}
   size_t InitialHeapSize                          = 65011712                                  {product} {ergonomic}
   size_t MarkStackSize                            = 4194304                                   {product} {ergonomic}
   size_t MaxHeapSize                              = 1031798784                                {product} {ergonomic}
   size_t MaxNewSize                               = 618659840                                 {product} {ergonomic}
   size_t MinHeapDeltaBytes                        = 1048576                                   {product} {ergonomic}
   size_t MinHeapSize                              = 8388608                                   {product} {ergonomic}
    uintx NonNMethodCodeHeapSize                   = 5832780                                {pd product} {ergonomic}
    uintx NonProfiledCodeHeapSize                  = 122912730                              {pd product} {ergonomic}
    uintx ProfiledCodeHeapSize                     = 122912730                              {pd product} {ergonomic}
    uintx ReservedCodeCacheSize                    = 251658240                              {pd product} {ergonomic}
     bool SegmentedCodeCache                       = true                                      {product} {ergonomic}
     bool ShowCodeDetailsInExceptionMessages       = true                                   {manageable} {command line}
   size_t SoftMaxHeapSize                          = 1031798784                             {manageable} {ergonomic}
     bool UseCompressedClassPointers               = true                           {product lp64_product} {ergonomic}
     bool UseCompressedOops                        = true                           {product lp64_product} {ergonomic}
     bool UseG1GC                                  = true                                      {product} {ergonomic}
     bool UseLargePagesIndividualAllocation        = false                                  {pd product} {ergonomic}

Logging:
Log output configuration:
 #0: stdout all=warning uptime,level,tags
 #1: stderr all=off uptime,level,tags

Environment Variables:
JAVA_HOME=C:\Program Files\Java\jdk-17
PATH=C:/Users/Carlo/Downloads/spring-tools-for-eclipse-4.30.0.RELEASE-e4.35.0-win32.win32.x86_64/sts-4.30.0.RELEASE//plugins/org.eclipse.justj.openjdk.hotspot.jre.full.win32.x86_64_21.0.6.v20250130-0529/jre/bin/server;C:/Users/Carlo/Downloads/spring-tools-for-eclipse-4.30.0.RELEASE-e4.35.0-win32.win32.x86_64/sts-4.30.0.RELEASE//plugins/org.eclipse.justj.openjdk.hotspot.jre.full.win32.x86_64_21.0.6.v20250130-0529/jre/bin;C:\Program Files\Common Files\Oracle\Java\javapath;C:\WINDOWS\system32;C:\WINDOWS;C:\WINDOWS\System32\Wbem;C:\WINDOWS\System32\WindowsPowerShell\v1.0\;C:\WINDOWS\System32\OpenSSH\;C:\Program Files\Microsoft SQL Server\150\Tools\Binn\;C:\Program Files\Microsoft SQL Server\Client SDK\ODBC\170\Tools\Binn\;C:\Program Files\dotnet\;C:\Program Files\Git\cmd;C:\Users\Carlo\AppData\Roaming\Python\Python313\Scripts;C:\Program Files\nodejs\;C:\Program Files (x86)\Microsoft SQL Server\160\Tools\Binn\;C:\Program Files\Microsoft SQL Server\160\Tools\Binn\;C:\Program Files\Microsoft SQL Server\160\DTS\Binn\;C:\Program Files (x86)\Microsoft SQL Server\160\DTS\Binn\;C:\Program Files\Java\jdk-17\bin;;C:\Program Files\Docker\Docker\resources\bin;C:\Users\Carlo\AppData\Local\Programs\Python\Python313\Scripts\;C:\Users\Carlo\AppData\Local\Programs\Python\Python313\;C:\Users\Carlo\AppData\Local\Programs\Python\Launcher\;C:\Users\Carlo\AppData\Local\Microsoft\WindowsApps;C:\Users\Carlo\.dotnet\tools;C:\Program Files\JetBrains\IntelliJ IDEA 2024.3.2\bin;;C:\Users\Carlo\AppData\Local\Programs\Microsoft VS Code\bin;C:\Users\Carlo\AppData\Roaming\npm;;C:\Users\Carlo\Downloads\spring-tools-for-eclipse-4.30.0.RELEASE-e4.35.0-win32.win32.x86_64\sts-4.30.0.RELEASE;
USERNAME=Carlo
OS=Windows_NT
PROCESSOR_IDENTIFIER=Intel64 Family 6 Model 142 Stepping 12, GenuineIntel



---------------  S Y S T E M  ---------------

OS:
 Windows 11 , 64 bit Build 26100 (10.0.26100.3775)
OS uptime: 0 days 5:29 hours
Hyper-V role detected

CPU: total 4 (initial active 4) (2 cores per cpu, 2 threads per core) family 6 model 142 stepping 12 microcode 0xec, cx8, cmov, fxsr, ht, mmx, 3dnowpref, sse, sse2, sse3, ssse3, sse4.1, sse4.2, popcnt, lzcnt, tsc, tscinvbit, avx, avx2, aes, erms, clmul, bmi1, bmi2, adx, fma, vzeroupper, clflush, clflushopt, hv

Memory: 4k page, system-wide physical 3930M (88M free)
TotalPageFile size 16218M (AvailPageFile size 0M)
current process WorkingSet (physical memory assigned to process): 43M, peak: 180M
current process commit charge ("private bytes"): 256M, peak: 281M

vm_info: Java HotSpot(TM) 64-Bit Server VM (17.0.10+11-LTS-240) for windows-amd64 JRE (17.0.10+11-LTS-240), built on Dec 19 2023 21:47:25 by "mach5one" with MS VC++ 17.1 (VS2022)

END.
